{"C:\\Users\\kdw\\tdd\\src\\chap02\\Calculator.ts": {"path":"C:\\Users\\kdw\\tdd\\src\\chap02\\Calculator.ts","all":false,"statementMap":{"0":{"start":{"line":1,"column":0},"end":{"line":1,"column":25}},"1":{"start":{"line":2,"column":0},"end":{"line":2,"column":51}},"2":{"start":{"line":3,"column":0},"end":{"line":3,"column":23}},"3":{"start":{"line":4,"column":0},"end":{"line":4,"column":3}},"4":{"start":{"line":5,"column":0},"end":{"line":5,"column":1}}},"s":{"0":1,"1":1,"2":2,"3":2,"4":1},"branchMap":{"0":{"type":"branch","line":2,"loc":{"start":{"line":2,"column":9},"end":{"line":4,"column":3}},"locations":[{"start":{"line":2,"column":9},"end":{"line":4,"column":3}}]}},"b":{"0":[2]},"fnMap":{"0":{"name":"plus","decl":{"start":{"line":2,"column":9},"end":{"line":4,"column":3}},"loc":{"start":{"line":2,"column":9},"end":{"line":4,"column":3}},"line":2}},"f":{"0":2}}
,"C:\\Users\\kdw\\tdd\\src\\chap02\\PasswordStrength.enum.ts": {"path":"C:\\Users\\kdw\\tdd\\src\\chap02\\PasswordStrength.enum.ts","all":false,"statementMap":{"0":{"start":{"line":1,"column":0},"end":{"line":1,"column":30}},"1":{"start":{"line":2,"column":0},"end":{"line":2,"column":20}},"2":{"start":{"line":3,"column":0},"end":{"line":3,"column":20}},"3":{"start":{"line":4,"column":0},"end":{"line":4,"column":22}},"4":{"start":{"line":5,"column":0},"end":{"line":5,"column":16}},"5":{"start":{"line":6,"column":0},"end":{"line":6,"column":1}}},"s":{"0":1,"1":1,"2":1,"3":1,"4":1,"5":1},"branchMap":{"0":{"type":"branch","line":1,"loc":{"start":{"line":1,"column":12},"end":{"line":1,"column":30}},"locations":[{"start":{"line":1,"column":12},"end":{"line":1,"column":30}}]}},"b":{"0":[1]},"fnMap":{},"f":{}}
,"C:\\Users\\kdw\\tdd\\src\\chap02\\PasswordStrengthMeter.ts": {"path":"C:\\Users\\kdw\\tdd\\src\\chap02\\PasswordStrengthMeter.ts","all":false,"statementMap":{"0":{"start":{"line":1,"column":0},"end":{"line":1,"column":59}},"1":{"start":{"line":2,"column":0},"end":{"line":2,"column":0}},"2":{"start":{"line":3,"column":0},"end":{"line":3,"column":36}},"3":{"start":{"line":4,"column":0},"end":{"line":4,"column":45}},"4":{"start":{"line":5,"column":0},"end":{"line":5,"column":51}},"5":{"start":{"line":6,"column":0},"end":{"line":6,"column":0}},"6":{"start":{"line":7,"column":0},"end":{"line":7,"column":57}},"7":{"start":{"line":8,"column":0},"end":{"line":8,"column":0}},"8":{"start":{"line":9,"column":0},"end":{"line":9,"column":53}},"9":{"start":{"line":10,"column":0},"end":{"line":10,"column":56}},"10":{"start":{"line":11,"column":0},"end":{"line":11,"column":0}},"11":{"start":{"line":12,"column":0},"end":{"line":12,"column":35}},"12":{"start":{"line":13,"column":0},"end":{"line":13,"column":3}},"13":{"start":{"line":14,"column":0},"end":{"line":14,"column":0}},"14":{"start":{"line":15,"column":0},"end":{"line":15,"column":59}},"15":{"start":{"line":16,"column":0},"end":{"line":16,"column":22}},"16":{"start":{"line":17,"column":0},"end":{"line":17,"column":0}},"17":{"start":{"line":18,"column":0},"end":{"line":18,"column":42}},"18":{"start":{"line":19,"column":0},"end":{"line":19,"column":66}},"19":{"start":{"line":20,"column":0},"end":{"line":20,"column":69}},"20":{"start":{"line":21,"column":0},"end":{"line":21,"column":0}},"21":{"start":{"line":22,"column":0},"end":{"line":22,"column":21}},"22":{"start":{"line":23,"column":0},"end":{"line":23,"column":3}},"23":{"start":{"line":24,"column":0},"end":{"line":24,"column":0}},"24":{"start":{"line":25,"column":0},"end":{"line":25,"column":68}},"25":{"start":{"line":26,"column":0},"end":{"line":26,"column":28}},"26":{"start":{"line":27,"column":0},"end":{"line":27,"column":47}},"27":{"start":{"line":28,"column":0},"end":{"line":28,"column":77}},"28":{"start":{"line":29,"column":0},"end":{"line":29,"column":27}},"29":{"start":{"line":30,"column":0},"end":{"line":30,"column":14}},"30":{"start":{"line":31,"column":0},"end":{"line":31,"column":7}},"31":{"start":{"line":32,"column":0},"end":{"line":32,"column":5}},"32":{"start":{"line":33,"column":0},"end":{"line":33,"column":23}},"33":{"start":{"line":34,"column":0},"end":{"line":34,"column":3}},"34":{"start":{"line":35,"column":0},"end":{"line":35,"column":0}},"35":{"start":{"line":36,"column":0},"end":{"line":36,"column":71}},"36":{"start":{"line":37,"column":0},"end":{"line":37,"column":28}},"37":{"start":{"line":38,"column":0},"end":{"line":38,"column":47}},"38":{"start":{"line":39,"column":0},"end":{"line":39,"column":53}},"39":{"start":{"line":40,"column":0},"end":{"line":40,"column":27}},"40":{"start":{"line":41,"column":0},"end":{"line":41,"column":14}},"41":{"start":{"line":42,"column":0},"end":{"line":42,"column":7}},"42":{"start":{"line":43,"column":0},"end":{"line":43,"column":5}},"43":{"start":{"line":44,"column":0},"end":{"line":44,"column":23}},"44":{"start":{"line":45,"column":0},"end":{"line":45,"column":3}},"45":{"start":{"line":46,"column":0},"end":{"line":46,"column":1}}},"s":{"0":1,"1":1,"2":1,"3":1,"4":12,"5":10,"6":10,"7":10,"8":12,"9":12,"10":2,"11":2,"12":2,"13":1,"14":1,"15":10,"16":10,"17":10,"18":10,"19":10,"20":10,"21":10,"22":10,"23":1,"24":1,"25":10,"26":10,"27":46,"28":5,"29":5,"30":5,"31":46,"32":10,"33":10,"34":1,"35":1,"36":10,"37":10,"38":57,"39":6,"40":6,"41":6,"42":57,"43":10,"44":10,"45":1},"branchMap":{"0":{"type":"branch","line":4,"loc":{"start":{"line":4,"column":2},"end":{"line":13,"column":3}},"locations":[{"start":{"line":4,"column":2},"end":{"line":13,"column":3}}]},"1":{"type":"branch","line":5,"loc":{"start":{"line":5,"column":19},"end":{"line":5,"column":51}},"locations":[{"start":{"line":5,"column":19},"end":{"line":5,"column":51}}]},"2":{"type":"branch","line":5,"loc":{"start":{"line":5,"column":50},"end":{"line":9,"column":24}},"locations":[{"start":{"line":5,"column":50},"end":{"line":9,"column":24}}]},"3":{"type":"branch","line":9,"loc":{"start":{"line":9,"column":24},"end":{"line":9,"column":53}},"locations":[{"start":{"line":9,"column":24},"end":{"line":9,"column":53}}]},"4":{"type":"branch","line":9,"loc":{"start":{"line":9,"column":52},"end":{"line":10,"column":25}},"locations":[{"start":{"line":9,"column":52},"end":{"line":10,"column":25}}]},"5":{"type":"branch","line":10,"loc":{"start":{"line":10,"column":25},"end":{"line":10,"column":56}},"locations":[{"start":{"line":10,"column":25},"end":{"line":10,"column":56}}]},"6":{"type":"branch","line":10,"loc":{"start":{"line":10,"column":55},"end":{"line":13,"column":3}},"locations":[{"start":{"line":10,"column":55},"end":{"line":13,"column":3}}]},"7":{"type":"branch","line":15,"loc":{"start":{"line":15,"column":10},"end":{"line":23,"column":3}},"locations":[{"start":{"line":15,"column":10},"end":{"line":23,"column":3}}]},"8":{"type":"branch","line":18,"loc":{"start":{"line":18,"column":30},"end":{"line":18,"column":42}},"locations":[{"start":{"line":18,"column":30},"end":{"line":18,"column":42}}]},"9":{"type":"branch","line":19,"loc":{"start":{"line":19,"column":54},"end":{"line":19,"column":66}},"locations":[{"start":{"line":19,"column":54},"end":{"line":19,"column":66}}]},"10":{"type":"branch","line":20,"loc":{"start":{"line":20,"column":57},"end":{"line":20,"column":69}},"locations":[{"start":{"line":20,"column":57},"end":{"line":20,"column":69}}]},"11":{"type":"branch","line":25,"loc":{"start":{"line":25,"column":10},"end":{"line":34,"column":3}},"locations":[{"start":{"line":25,"column":10},"end":{"line":34,"column":3}}]},"12":{"type":"branch","line":27,"loc":{"start":{"line":27,"column":46},"end":{"line":32,"column":5}},"locations":[{"start":{"line":27,"column":46},"end":{"line":32,"column":5}}]},"13":{"type":"branch","line":28,"loc":{"start":{"line":28,"column":37},"end":{"line":28,"column":76}},"locations":[{"start":{"line":28,"column":37},"end":{"line":28,"column":76}}]},"14":{"type":"branch","line":28,"loc":{"start":{"line":28,"column":76},"end":{"line":31,"column":7}},"locations":[{"start":{"line":28,"column":76},"end":{"line":31,"column":7}}]},"15":{"type":"branch","line":36,"loc":{"start":{"line":36,"column":10},"end":{"line":45,"column":3}},"locations":[{"start":{"line":36,"column":10},"end":{"line":45,"column":3}}]},"16":{"type":"branch","line":38,"loc":{"start":{"line":38,"column":46},"end":{"line":43,"column":5}},"locations":[{"start":{"line":38,"column":46},"end":{"line":43,"column":5}}]},"17":{"type":"branch","line":39,"loc":{"start":{"line":39,"column":28},"end":{"line":39,"column":52}},"locations":[{"start":{"line":39,"column":28},"end":{"line":39,"column":52}}]},"18":{"type":"branch","line":39,"loc":{"start":{"line":39,"column":52},"end":{"line":42,"column":7}},"locations":[{"start":{"line":39,"column":52},"end":{"line":42,"column":7}}]}},"b":{"0":[12],"1":[2],"2":[10],"3":[4],"4":[6],"5":[4],"6":[2],"7":[10],"8":[6],"9":[5],"10":[6],"11":[10],"12":[46],"13":[5],"14":[5],"15":[10],"16":[57],"17":[34],"18":[6]},"fnMap":{"0":{"name":"meter","decl":{"start":{"line":4,"column":2},"end":{"line":13,"column":3}},"loc":{"start":{"line":4,"column":2},"end":{"line":13,"column":3}},"line":4},"1":{"name":"getMeetCriteriaCounts","decl":{"start":{"line":15,"column":10},"end":{"line":23,"column":3}},"loc":{"start":{"line":15,"column":10},"end":{"line":23,"column":3}},"line":15},"2":{"name":"meetsContainingNumberCriteria","decl":{"start":{"line":25,"column":10},"end":{"line":34,"column":3}},"loc":{"start":{"line":25,"column":10},"end":{"line":34,"column":3}},"line":25},"3":{"name":"meetsContainingUppercaseCriteria","decl":{"start":{"line":36,"column":10},"end":{"line":45,"column":3}},"loc":{"start":{"line":36,"column":10},"end":{"line":45,"column":3}},"line":36}},"f":{"0":12,"1":10,"2":10,"3":10}}
}
