{"C:\\Users\\kdw\\tdd\\src\\chap02\\Calculator.ts": {"path":"C:\\Users\\kdw\\tdd\\src\\chap02\\Calculator.ts","all":false,"statementMap":{"0":{"start":{"line":1,"column":0},"end":{"line":1,"column":25}},"1":{"start":{"line":2,"column":0},"end":{"line":2,"column":51}},"2":{"start":{"line":3,"column":0},"end":{"line":3,"column":23}},"3":{"start":{"line":4,"column":0},"end":{"line":4,"column":3}},"4":{"start":{"line":5,"column":0},"end":{"line":5,"column":1}}},"s":{"0":1,"1":1,"2":2,"3":2,"4":1},"branchMap":{"0":{"type":"branch","line":2,"loc":{"start":{"line":2,"column":9},"end":{"line":4,"column":3}},"locations":[{"start":{"line":2,"column":9},"end":{"line":4,"column":3}}]}},"b":{"0":[2]},"fnMap":{"0":{"name":"plus","decl":{"start":{"line":2,"column":9},"end":{"line":4,"column":3}},"loc":{"start":{"line":2,"column":9},"end":{"line":4,"column":3}},"line":2}},"f":{"0":2}}
,"C:\\Users\\kdw\\tdd\\src\\chap02\\PasswordStrength.enum.ts": {"path":"C:\\Users\\kdw\\tdd\\src\\chap02\\PasswordStrength.enum.ts","all":false,"statementMap":{"0":{"start":{"line":1,"column":0},"end":{"line":1,"column":30}},"1":{"start":{"line":2,"column":0},"end":{"line":2,"column":20}},"2":{"start":{"line":3,"column":0},"end":{"line":3,"column":20}},"3":{"start":{"line":4,"column":0},"end":{"line":4,"column":22}},"4":{"start":{"line":5,"column":0},"end":{"line":5,"column":16}},"5":{"start":{"line":6,"column":0},"end":{"line":6,"column":1}}},"s":{"0":1,"1":1,"2":1,"3":1,"4":1,"5":1},"branchMap":{"0":{"type":"branch","line":1,"loc":{"start":{"line":1,"column":12},"end":{"line":1,"column":30}},"locations":[{"start":{"line":1,"column":12},"end":{"line":1,"column":30}}]}},"b":{"0":[1]},"fnMap":{},"f":{}}
,"C:\\Users\\kdw\\tdd\\src\\chap02\\PasswordStrengthMeter.ts": {"path":"C:\\Users\\kdw\\tdd\\src\\chap02\\PasswordStrengthMeter.ts","all":false,"statementMap":{"0":{"start":{"line":1,"column":0},"end":{"line":1,"column":59}},"1":{"start":{"line":2,"column":0},"end":{"line":2,"column":0}},"2":{"start":{"line":3,"column":0},"end":{"line":3,"column":36}},"3":{"start":{"line":4,"column":0},"end":{"line":4,"column":45}},"4":{"start":{"line":5,"column":0},"end":{"line":5,"column":51}},"5":{"start":{"line":6,"column":0},"end":{"line":6,"column":0}},"6":{"start":{"line":7,"column":0},"end":{"line":7,"column":57}},"7":{"start":{"line":8,"column":0},"end":{"line":8,"column":0}},"8":{"start":{"line":9,"column":0},"end":{"line":9,"column":53}},"9":{"start":{"line":10,"column":0},"end":{"line":10,"column":56}},"10":{"start":{"line":11,"column":0},"end":{"line":11,"column":0}},"11":{"start":{"line":12,"column":0},"end":{"line":12,"column":35}},"12":{"start":{"line":13,"column":0},"end":{"line":13,"column":3}},"13":{"start":{"line":14,"column":0},"end":{"line":14,"column":0}},"14":{"start":{"line":15,"column":0},"end":{"line":15,"column":59}},"15":{"start":{"line":16,"column":0},"end":{"line":16,"column":22}},"16":{"start":{"line":17,"column":0},"end":{"line":17,"column":0}},"17":{"start":{"line":18,"column":0},"end":{"line":18,"column":42}},"18":{"start":{"line":19,"column":0},"end":{"line":19,"column":66}},"19":{"start":{"line":20,"column":0},"end":{"line":20,"column":69}},"20":{"start":{"line":21,"column":0},"end":{"line":21,"column":0}},"21":{"start":{"line":22,"column":0},"end":{"line":22,"column":21}},"22":{"start":{"line":23,"column":0},"end":{"line":23,"column":3}},"23":{"start":{"line":24,"column":0},"end":{"line":24,"column":0}},"24":{"start":{"line":25,"column":0},"end":{"line":25,"column":68}},"25":{"start":{"line":26,"column":0},"end":{"line":26,"column":28}},"26":{"start":{"line":27,"column":0},"end":{"line":27,"column":47}},"27":{"start":{"line":28,"column":0},"end":{"line":28,"column":77}},"28":{"start":{"line":29,"column":0},"end":{"line":29,"column":27}},"29":{"start":{"line":30,"column":0},"end":{"line":30,"column":14}},"30":{"start":{"line":31,"column":0},"end":{"line":31,"column":7}},"31":{"start":{"line":32,"column":0},"end":{"line":32,"column":5}},"32":{"start":{"line":33,"column":0},"end":{"line":33,"column":23}},"33":{"start":{"line":34,"column":0},"end":{"line":34,"column":3}},"34":{"start":{"line":35,"column":0},"end":{"line":35,"column":0}},"35":{"start":{"line":36,"column":0},"end":{"line":36,"column":71}},"36":{"start":{"line":37,"column":0},"end":{"line":37,"column":28}},"37":{"start":{"line":38,"column":0},"end":{"line":38,"column":47}},"38":{"start":{"line":39,"column":0},"end":{"line":39,"column":53}},"39":{"start":{"line":40,"column":0},"end":{"line":40,"column":27}},"40":{"start":{"line":41,"column":0},"end":{"line":41,"column":14}},"41":{"start":{"line":42,"column":0},"end":{"line":42,"column":7}},"42":{"start":{"line":43,"column":0},"end":{"line":43,"column":5}},"43":{"start":{"line":44,"column":0},"end":{"line":44,"column":23}},"44":{"start":{"line":45,"column":0},"end":{"line":45,"column":3}},"45":{"start":{"line":46,"column":0},"end":{"line":46,"column":1}}},"s":{"0":1,"1":1,"2":1,"3":1,"4":12,"5":10,"6":10,"7":10,"8":12,"9":12,"10":2,"11":2,"12":2,"13":1,"14":1,"15":10,"16":10,"17":10,"18":10,"19":10,"20":10,"21":10,"22":10,"23":1,"24":1,"25":10,"26":10,"27":46,"28":5,"29":5,"30":5,"31":46,"32":10,"33":10,"34":1,"35":1,"36":10,"37":10,"38":57,"39":6,"40":6,"41":6,"42":57,"43":10,"44":10,"45":1},"branchMap":{"0":{"type":"branch","line":4,"loc":{"start":{"line":4,"column":2},"end":{"line":13,"column":3}},"locations":[{"start":{"line":4,"column":2},"end":{"line":13,"column":3}}]},"1":{"type":"branch","line":5,"loc":{"start":{"line":5,"column":19},"end":{"line":5,"column":51}},"locations":[{"start":{"line":5,"column":19},"end":{"line":5,"column":51}}]},"2":{"type":"branch","line":5,"loc":{"start":{"line":5,"column":50},"end":{"line":9,"column":24}},"locations":[{"start":{"line":5,"column":50},"end":{"line":9,"column":24}}]},"3":{"type":"branch","line":9,"loc":{"start":{"line":9,"column":24},"end":{"line":9,"column":53}},"locations":[{"start":{"line":9,"column":24},"end":{"line":9,"column":53}}]},"4":{"type":"branch","line":9,"loc":{"start":{"line":9,"column":52},"end":{"line":10,"column":25}},"locations":[{"start":{"line":9,"column":52},"end":{"line":10,"column":25}}]},"5":{"type":"branch","line":10,"loc":{"start":{"line":10,"column":25},"end":{"line":10,"column":56}},"locations":[{"start":{"line":10,"column":25},"end":{"line":10,"column":56}}]},"6":{"type":"branch","line":10,"loc":{"start":{"line":10,"column":55},"end":{"line":13,"column":3}},"locations":[{"start":{"line":10,"column":55},"end":{"line":13,"column":3}}]},"7":{"type":"branch","line":15,"loc":{"start":{"line":15,"column":10},"end":{"line":23,"column":3}},"locations":[{"start":{"line":15,"column":10},"end":{"line":23,"column":3}}]},"8":{"type":"branch","line":18,"loc":{"start":{"line":18,"column":30},"end":{"line":18,"column":42}},"locations":[{"start":{"line":18,"column":30},"end":{"line":18,"column":42}}]},"9":{"type":"branch","line":19,"loc":{"start":{"line":19,"column":54},"end":{"line":19,"column":66}},"locations":[{"start":{"line":19,"column":54},"end":{"line":19,"column":66}}]},"10":{"type":"branch","line":20,"loc":{"start":{"line":20,"column":57},"end":{"line":20,"column":69}},"locations":[{"start":{"line":20,"column":57},"end":{"line":20,"column":69}}]},"11":{"type":"branch","line":25,"loc":{"start":{"line":25,"column":10},"end":{"line":34,"column":3}},"locations":[{"start":{"line":25,"column":10},"end":{"line":34,"column":3}}]},"12":{"type":"branch","line":27,"loc":{"start":{"line":27,"column":46},"end":{"line":32,"column":5}},"locations":[{"start":{"line":27,"column":46},"end":{"line":32,"column":5}}]},"13":{"type":"branch","line":28,"loc":{"start":{"line":28,"column":37},"end":{"line":28,"column":76}},"locations":[{"start":{"line":28,"column":37},"end":{"line":28,"column":76}}]},"14":{"type":"branch","line":28,"loc":{"start":{"line":28,"column":76},"end":{"line":31,"column":7}},"locations":[{"start":{"line":28,"column":76},"end":{"line":31,"column":7}}]},"15":{"type":"branch","line":36,"loc":{"start":{"line":36,"column":10},"end":{"line":45,"column":3}},"locations":[{"start":{"line":36,"column":10},"end":{"line":45,"column":3}}]},"16":{"type":"branch","line":38,"loc":{"start":{"line":38,"column":46},"end":{"line":43,"column":5}},"locations":[{"start":{"line":38,"column":46},"end":{"line":43,"column":5}}]},"17":{"type":"branch","line":39,"loc":{"start":{"line":39,"column":28},"end":{"line":39,"column":52}},"locations":[{"start":{"line":39,"column":28},"end":{"line":39,"column":52}}]},"18":{"type":"branch","line":39,"loc":{"start":{"line":39,"column":52},"end":{"line":42,"column":7}},"locations":[{"start":{"line":39,"column":52},"end":{"line":42,"column":7}}]}},"b":{"0":[12],"1":[2],"2":[10],"3":[4],"4":[6],"5":[4],"6":[2],"7":[10],"8":[6],"9":[5],"10":[6],"11":[10],"12":[46],"13":[5],"14":[5],"15":[10],"16":[57],"17":[34],"18":[6]},"fnMap":{"0":{"name":"meter","decl":{"start":{"line":4,"column":2},"end":{"line":13,"column":3}},"loc":{"start":{"line":4,"column":2},"end":{"line":13,"column":3}},"line":4},"1":{"name":"getMeetCriteriaCounts","decl":{"start":{"line":15,"column":10},"end":{"line":23,"column":3}},"loc":{"start":{"line":15,"column":10},"end":{"line":23,"column":3}},"line":15},"2":{"name":"meetsContainingNumberCriteria","decl":{"start":{"line":25,"column":10},"end":{"line":34,"column":3}},"loc":{"start":{"line":25,"column":10},"end":{"line":34,"column":3}},"line":25},"3":{"name":"meetsContainingUppercaseCriteria","decl":{"start":{"line":36,"column":10},"end":{"line":45,"column":3}},"loc":{"start":{"line":36,"column":10},"end":{"line":45,"column":3}},"line":36}},"f":{"0":12,"1":10,"2":10,"3":10}}
,"C:\\Users\\kdw\\tdd\\src\\chap03\\ExpiryDateCalculator.ts": {"path":"C:\\Users\\kdw\\tdd\\src\\chap03\\ExpiryDateCalculator.ts","all":false,"statementMap":{"0":{"start":{"line":1,"column":0},"end":{"line":1,"column":46}},"1":{"start":{"line":2,"column":0},"end":{"line":2,"column":0}},"2":{"start":{"line":3,"column":0},"end":{"line":3,"column":22}},"3":{"start":{"line":4,"column":0},"end":{"line":4,"column":36}},"4":{"start":{"line":5,"column":0},"end":{"line":5,"column":51}},"5":{"start":{"line":6,"column":0},"end":{"line":6,"column":3}},"6":{"start":{"line":7,"column":0},"end":{"line":7,"column":0}},"7":{"start":{"line":8,"column":0},"end":{"line":8,"column":14}},"8":{"start":{"line":9,"column":0},"end":{"line":9,"column":43}},"9":{"start":{"line":10,"column":0},"end":{"line":10,"column":31}},"10":{"start":{"line":11,"column":0},"end":{"line":11,"column":30}},"11":{"start":{"line":12,"column":0},"end":{"line":12,"column":6}},"12":{"start":{"line":13,"column":0},"end":{"line":13,"column":0}},"13":{"start":{"line":14,"column":0},"end":{"line":14,"column":38}},"14":{"start":{"line":15,"column":0},"end":{"line":15,"column":34}},"15":{"start":{"line":16,"column":0},"end":{"line":16,"column":3}},"16":{"start":{"line":17,"column":0},"end":{"line":17,"column":0}},"17":{"start":{"line":18,"column":0},"end":{"line":18,"column":26}},"18":{"start":{"line":19,"column":0},"end":{"line":19,"column":29}},"19":{"start":{"line":20,"column":0},"end":{"line":20,"column":3}},"20":{"start":{"line":21,"column":0},"end":{"line":21,"column":0}},"21":{"start":{"line":22,"column":0},"end":{"line":22,"column":26}},"22":{"start":{"line":23,"column":0},"end":{"line":23,"column":27}},"23":{"start":{"line":24,"column":0},"end":{"line":24,"column":3}},"24":{"start":{"line":25,"column":0},"end":{"line":25,"column":1}},"25":{"start":{"line":26,"column":0},"end":{"line":26,"column":0}},"26":{"start":{"line":27,"column":0},"end":{"line":27,"column":22}},"27":{"start":{"line":28,"column":0},"end":{"line":28,"column":14}},"28":{"start":{"line":29,"column":0},"end":{"line":29,"column":43}},"29":{"start":{"line":30,"column":0},"end":{"line":30,"column":31}},"30":{"start":{"line":31,"column":0},"end":{"line":31,"column":30}},"31":{"start":{"line":32,"column":0},"end":{"line":32,"column":6}},"32":{"start":{"line":33,"column":0},"end":{"line":33,"column":0}},"33":{"start":{"line":34,"column":0},"end":{"line":34,"column":49}},"34":{"start":{"line":35,"column":0},"end":{"line":35,"column":35}},"35":{"start":{"line":36,"column":0},"end":{"line":36,"column":16}},"36":{"start":{"line":37,"column":0},"end":{"line":37,"column":3}},"37":{"start":{"line":38,"column":0},"end":{"line":38,"column":0}},"38":{"start":{"line":39,"column":0},"end":{"line":39,"column":44}},"39":{"start":{"line":40,"column":0},"end":{"line":40,"column":30}},"40":{"start":{"line":41,"column":0},"end":{"line":41,"column":16}},"41":{"start":{"line":42,"column":0},"end":{"line":42,"column":3}},"42":{"start":{"line":43,"column":0},"end":{"line":43,"column":0}},"43":{"start":{"line":44,"column":0},"end":{"line":44,"column":44}},"44":{"start":{"line":45,"column":0},"end":{"line":45,"column":28}},"45":{"start":{"line":46,"column":0},"end":{"line":46,"column":16}},"46":{"start":{"line":47,"column":0},"end":{"line":47,"column":3}},"47":{"start":{"line":48,"column":0},"end":{"line":48,"column":0}},"48":{"start":{"line":49,"column":0},"end":{"line":49,"column":20}},"49":{"start":{"line":50,"column":0},"end":{"line":50,"column":23}},"50":{"start":{"line":51,"column":0},"end":{"line":51,"column":29}},"51":{"start":{"line":52,"column":0},"end":{"line":52,"column":24}},"52":{"start":{"line":53,"column":0},"end":{"line":53,"column":21}},"53":{"start":{"line":54,"column":0},"end":{"line":54,"column":6}},"54":{"start":{"line":55,"column":0},"end":{"line":55,"column":3}},"55":{"start":{"line":56,"column":0},"end":{"line":56,"column":1}},"56":{"start":{"line":57,"column":0},"end":{"line":57,"column":0}},"57":{"start":{"line":58,"column":0},"end":{"line":58,"column":35}},"58":{"start":{"line":59,"column":0},"end":{"line":59,"column":47}},"59":{"start":{"line":60,"column":0},"end":{"line":60,"column":53}},"60":{"start":{"line":61,"column":0},"end":{"line":61,"column":40}},"61":{"start":{"line":62,"column":0},"end":{"line":62,"column":76}},"62":{"start":{"line":63,"column":0},"end":{"line":63,"column":78}},"63":{"start":{"line":64,"column":0},"end":{"line":64,"column":80}},"64":{"start":{"line":65,"column":0},"end":{"line":65,"column":72}},"65":{"start":{"line":66,"column":0},"end":{"line":66,"column":30}},"66":{"start":{"line":67,"column":0},"end":{"line":67,"column":9}},"67":{"start":{"line":68,"column":0},"end":{"line":68,"column":7}},"68":{"start":{"line":69,"column":0},"end":{"line":69,"column":5}},"69":{"start":{"line":70,"column":0},"end":{"line":70,"column":0}},"70":{"start":{"line":71,"column":0},"end":{"line":71,"column":72}},"71":{"start":{"line":72,"column":0},"end":{"line":72,"column":22}},"72":{"start":{"line":73,"column":0},"end":{"line":73,"column":3}},"73":{"start":{"line":74,"column":0},"end":{"line":74,"column":1}}},"s":{"0":1,"1":1,"2":1,"3":10,"4":10,"5":10,"6":10,"7":10,"8":10,"9":10,"10":10,"11":10,"12":10,"13":10,"14":22,"15":22,"16":10,"17":10,"18":10,"19":10,"20":10,"21":10,"22":10,"23":10,"24":10,"25":1,"26":10,"27":10,"28":10,"29":10,"30":10,"31":10,"32":10,"33":10,"34":4,"35":4,"36":4,"37":10,"38":10,"39":10,"40":10,"41":10,"42":10,"43":10,"44":10,"45":10,"46":10,"47":10,"48":10,"49":10,"50":10,"51":10,"52":10,"53":10,"54":10,"55":10,"56":1,"57":1,"58":1,"59":10,"60":10,"61":4,"62":4,"63":4,"64":4,"65":4,"66":4,"67":4,"68":4,"69":6,"70":6,"71":6,"72":6,"73":1},"branchMap":{"0":{"type":"branch","line":3,"loc":{"start":{"line":3,"column":7},"end":{"line":25,"column":1}},"locations":[{"start":{"line":3,"column":7},"end":{"line":25,"column":1}}]},"1":{"type":"branch","line":4,"loc":{"start":{"line":4,"column":9},"end":{"line":6,"column":3}},"locations":[{"start":{"line":4,"column":9},"end":{"line":6,"column":3}}]},"2":{"type":"branch","line":8,"loc":{"start":{"line":8,"column":2},"end":{"line":12,"column":6}},"locations":[{"start":{"line":8,"column":2},"end":{"line":12,"column":6}}]},"3":{"type":"branch","line":14,"loc":{"start":{"line":14,"column":2},"end":{"line":16,"column":3}},"locations":[{"start":{"line":14,"column":2},"end":{"line":16,"column":3}}]},"4":{"type":"branch","line":18,"loc":{"start":{"line":18,"column":2},"end":{"line":20,"column":3}},"locations":[{"start":{"line":18,"column":2},"end":{"line":20,"column":3}}]},"5":{"type":"branch","line":22,"loc":{"start":{"line":22,"column":2},"end":{"line":24,"column":3}},"locations":[{"start":{"line":22,"column":2},"end":{"line":24,"column":3}}]},"6":{"type":"branch","line":27,"loc":{"start":{"line":27,"column":0},"end":{"line":56,"column":1}},"locations":[{"start":{"line":27,"column":0},"end":{"line":56,"column":1}}]},"7":{"type":"branch","line":28,"loc":{"start":{"line":28,"column":2},"end":{"line":32,"column":6}},"locations":[{"start":{"line":28,"column":2},"end":{"line":32,"column":6}}]},"8":{"type":"branch","line":34,"loc":{"start":{"line":34,"column":2},"end":{"line":37,"column":3}},"locations":[{"start":{"line":34,"column":2},"end":{"line":37,"column":3}}]},"9":{"type":"branch","line":39,"loc":{"start":{"line":39,"column":2},"end":{"line":42,"column":3}},"locations":[{"start":{"line":39,"column":2},"end":{"line":42,"column":3}}]},"10":{"type":"branch","line":44,"loc":{"start":{"line":44,"column":2},"end":{"line":47,"column":3}},"locations":[{"start":{"line":44,"column":2},"end":{"line":47,"column":3}}]},"11":{"type":"branch","line":49,"loc":{"start":{"line":49,"column":2},"end":{"line":55,"column":3}},"locations":[{"start":{"line":49,"column":2},"end":{"line":55,"column":3}}]},"12":{"type":"branch","line":59,"loc":{"start":{"line":59,"column":2},"end":{"line":73,"column":3}},"locations":[{"start":{"line":59,"column":2},"end":{"line":73,"column":3}}]},"13":{"type":"branch","line":61,"loc":{"start":{"line":61,"column":39},"end":{"line":69,"column":5}},"locations":[{"start":{"line":61,"column":39},"end":{"line":69,"column":5}}]},"14":{"type":"branch","line":69,"loc":{"start":{"line":69,"column":4},"end":{"line":73,"column":3}},"locations":[{"start":{"line":69,"column":4},"end":{"line":73,"column":3}}]}},"b":{"0":[10],"1":[10],"2":[10],"3":[22],"4":[10],"5":[10],"6":[10],"7":[10],"8":[4],"9":[10],"10":[10],"11":[10],"12":[10],"13":[4],"14":[6]},"fnMap":{"0":{"name":"<instance_members_initializer>","decl":{"start":{"line":3,"column":7},"end":{"line":25,"column":1}},"loc":{"start":{"line":3,"column":7},"end":{"line":25,"column":1}},"line":3},"1":{"name":"builder","decl":{"start":{"line":4,"column":9},"end":{"line":6,"column":3}},"loc":{"start":{"line":4,"column":9},"end":{"line":6,"column":3}},"line":4},"2":{"name":"PayData","decl":{"start":{"line":8,"column":2},"end":{"line":12,"column":6}},"loc":{"start":{"line":8,"column":2},"end":{"line":12,"column":6}},"line":8},"3":{"name":"getFirstBillingDate","decl":{"start":{"line":14,"column":2},"end":{"line":16,"column":3}},"loc":{"start":{"line":14,"column":2},"end":{"line":16,"column":3}},"line":14},"4":{"name":"getBillingDate","decl":{"start":{"line":18,"column":2},"end":{"line":20,"column":3}},"loc":{"start":{"line":18,"column":2},"end":{"line":20,"column":3}},"line":18},"5":{"name":"getPayAmount","decl":{"start":{"line":22,"column":2},"end":{"line":24,"column":3}},"loc":{"start":{"line":22,"column":2},"end":{"line":24,"column":3}},"line":22},"6":{"name":"<instance_members_initializer>","decl":{"start":{"line":27,"column":0},"end":{"line":56,"column":1}},"loc":{"start":{"line":27,"column":0},"end":{"line":56,"column":1}},"line":27},"7":{"name":"PayDataBuilder","decl":{"start":{"line":28,"column":2},"end":{"line":32,"column":6}},"loc":{"start":{"line":28,"column":2},"end":{"line":32,"column":6}},"line":28},"8":{"name":"firstBillingDate","decl":{"start":{"line":34,"column":2},"end":{"line":37,"column":3}},"loc":{"start":{"line":34,"column":2},"end":{"line":37,"column":3}},"line":34},"9":{"name":"billingDate","decl":{"start":{"line":39,"column":2},"end":{"line":42,"column":3}},"loc":{"start":{"line":39,"column":2},"end":{"line":42,"column":3}},"line":39},"10":{"name":"payAmount","decl":{"start":{"line":44,"column":2},"end":{"line":47,"column":3}},"loc":{"start":{"line":44,"column":2},"end":{"line":47,"column":3}},"line":44},"11":{"name":"build","decl":{"start":{"line":49,"column":2},"end":{"line":55,"column":3}},"loc":{"start":{"line":49,"column":2},"end":{"line":55,"column":3}},"line":49},"12":{"name":"calculateExpiryDate","decl":{"start":{"line":59,"column":2},"end":{"line":73,"column":3}},"loc":{"start":{"line":59,"column":2},"end":{"line":73,"column":3}},"line":59}},"f":{"0":10,"1":10,"2":10,"3":22,"4":10,"5":10,"6":10,"7":10,"8":4,"9":10,"10":10,"11":10,"12":10}}
}
