TN:
SF:src\chap02\Calculator.ts
FN:2,plus
FNF:1
FNH:1
FNDA:2,plus
DA:1,1
DA:2,1
DA:3,2
DA:4,2
DA:5,1
LF:5
LH:5
BRDA:2,0,0,2
BRF:1
BRH:1
end_of_record
TN:
SF:src\chap02\PasswordStrength.enum.ts
FNF:0
FNH:0
DA:1,1
DA:2,1
DA:3,1
DA:4,1
DA:5,1
DA:6,1
LF:6
LH:6
BRDA:1,0,0,1
BRF:1
BRH:1
end_of_record
TN:
SF:src\chap02\PasswordStrengthMeter.ts
FN:4,meter
FN:15,getMeetCriteriaCounts
FN:25,meetsContainingNumberCriteria
FN:36,meetsContainingUppercaseCriteria
FNF:4
FNH:4
FNDA:12,meter
FNDA:10,getMeetCriteriaCounts
FNDA:10,meetsContainingNumberCriteria
FNDA:10,meetsContainingUppercaseCriteria
DA:1,1
DA:2,1
DA:3,1
DA:4,1
DA:5,12
DA:6,10
DA:7,10
DA:8,10
DA:9,12
DA:10,12
DA:11,2
DA:12,2
DA:13,2
DA:14,1
DA:15,1
DA:16,10
DA:17,10
DA:18,10
DA:19,10
DA:20,10
DA:21,10
DA:22,10
DA:23,10
DA:24,1
DA:25,1
DA:26,10
DA:27,10
DA:28,46
DA:29,5
DA:30,5
DA:31,5
DA:32,46
DA:33,10
DA:34,10
DA:35,1
DA:36,1
DA:37,10
DA:38,10
DA:39,57
DA:40,6
DA:41,6
DA:42,6
DA:43,57
DA:44,10
DA:45,10
DA:46,1
LF:46
LH:46
BRDA:4,0,0,12
BRDA:5,1,0,2
BRDA:5,2,0,10
BRDA:9,3,0,4
BRDA:9,4,0,6
BRDA:10,5,0,4
BRDA:10,6,0,2
BRDA:15,7,0,10
BRDA:18,8,0,6
BRDA:19,9,0,5
BRDA:20,10,0,6
BRDA:25,11,0,10
BRDA:27,12,0,46
BRDA:28,13,0,5
BRDA:28,14,0,5
BRDA:36,15,0,10
BRDA:38,16,0,57
BRDA:39,17,0,34
BRDA:39,18,0,6
BRF:19
BRH:19
end_of_record
