TN:
SF:src\chap02\Calculator.ts
FN:2,plus
FNF:1
FNH:1
FNDA:2,plus
DA:1,1
DA:2,1
DA:3,2
DA:4,2
DA:5,1
LF:5
LH:5
BRDA:2,0,0,2
BRF:1
BRH:1
end_of_record
TN:
SF:src\chap02\PasswordStrength.enum.ts
FNF:0
FNH:0
DA:1,1
DA:2,1
DA:3,1
DA:4,1
DA:5,1
DA:6,1
LF:6
LH:6
BRDA:1,0,0,1
BRF:1
BRH:1
end_of_record
TN:
SF:src\chap02\PasswordStrengthMeter.ts
FN:4,meter
FN:15,getMeetCriteriaCounts
FN:25,meetsContainingNumberCriteria
FN:36,meetsContainingUppercaseCriteria
FNF:4
FNH:4
FNDA:12,meter
FNDA:10,getMeetCriteriaCounts
FNDA:10,meetsContainingNumberCriteria
FNDA:10,meetsContainingUppercaseCriteria
DA:1,1
DA:2,1
DA:3,1
DA:4,1
DA:5,12
DA:6,10
DA:7,10
DA:8,10
DA:9,12
DA:10,12
DA:11,2
DA:12,2
DA:13,2
DA:14,1
DA:15,1
DA:16,10
DA:17,10
DA:18,10
DA:19,10
DA:20,10
DA:21,10
DA:22,10
DA:23,10
DA:24,1
DA:25,1
DA:26,10
DA:27,10
DA:28,46
DA:29,5
DA:30,5
DA:31,5
DA:32,46
DA:33,10
DA:34,10
DA:35,1
DA:36,1
DA:37,10
DA:38,10
DA:39,57
DA:40,6
DA:41,6
DA:42,6
DA:43,57
DA:44,10
DA:45,10
DA:46,1
LF:46
LH:46
BRDA:4,0,0,12
BRDA:5,1,0,2
BRDA:5,2,0,10
BRDA:9,3,0,4
BRDA:9,4,0,6
BRDA:10,5,0,4
BRDA:10,6,0,2
BRDA:15,7,0,10
BRDA:18,8,0,6
BRDA:19,9,0,5
BRDA:20,10,0,6
BRDA:25,11,0,10
BRDA:27,12,0,46
BRDA:28,13,0,5
BRDA:28,14,0,5
BRDA:36,15,0,10
BRDA:38,16,0,57
BRDA:39,17,0,34
BRDA:39,18,0,6
BRF:19
BRH:19
end_of_record
TN:
SF:src\chap03\ExpiryDateCalculator.ts
FN:3,<instance_members_initializer>
FN:4,builder
FN:8,PayData
FN:14,getFirstBillingDate
FN:18,getBillingDate
FN:22,getPayAmount
FN:27,<instance_members_initializer>
FN:28,PayDataBuilder
FN:34,firstBillingDate
FN:39,billingDate
FN:44,payAmount
FN:49,build
FN:59,calculateExpiryDate
FNF:13
FNH:13
FNDA:10,<instance_members_initializer>
FNDA:10,builder
FNDA:10,PayData
FNDA:22,getFirstBillingDate
FNDA:10,getBillingDate
FNDA:10,getPayAmount
FNDA:10,<instance_members_initializer>
FNDA:10,PayDataBuilder
FNDA:4,firstBillingDate
FNDA:10,billingDate
FNDA:10,payAmount
FNDA:10,build
FNDA:10,calculateExpiryDate
DA:1,1
DA:2,1
DA:3,1
DA:4,10
DA:5,10
DA:6,10
DA:7,10
DA:8,10
DA:9,10
DA:10,10
DA:11,10
DA:12,10
DA:13,10
DA:14,10
DA:15,22
DA:16,22
DA:17,10
DA:18,10
DA:19,10
DA:20,10
DA:21,10
DA:22,10
DA:23,10
DA:24,10
DA:25,10
DA:26,1
DA:27,10
DA:28,10
DA:29,10
DA:30,10
DA:31,10
DA:32,10
DA:33,10
DA:34,10
DA:35,4
DA:36,4
DA:37,4
DA:38,10
DA:39,10
DA:40,10
DA:41,10
DA:42,10
DA:43,10
DA:44,10
DA:45,10
DA:46,10
DA:47,10
DA:48,10
DA:49,10
DA:50,10
DA:51,10
DA:52,10
DA:53,10
DA:54,10
DA:55,10
DA:56,10
DA:57,1
DA:58,1
DA:59,1
DA:60,10
DA:61,10
DA:62,4
DA:63,4
DA:64,4
DA:65,4
DA:66,4
DA:67,4
DA:68,4
DA:69,4
DA:70,6
DA:71,6
DA:72,6
DA:73,6
DA:74,1
LF:74
LH:74
BRDA:3,0,0,10
BRDA:4,1,0,10
BRDA:8,2,0,10
BRDA:14,3,0,22
BRDA:18,4,0,10
BRDA:22,5,0,10
BRDA:27,6,0,10
BRDA:28,7,0,10
BRDA:34,8,0,4
BRDA:39,9,0,10
BRDA:44,10,0,10
BRDA:49,11,0,10
BRDA:59,12,0,10
BRDA:61,13,0,4
BRDA:69,14,0,6
BRF:15
BRH:15
end_of_record
